Feb 01, 2019 11:13:00 PM ro.paneabogdan.homework.FestivalStatisticsThread run
INFO: ------------- 6 people entered. -------------
Feb 01, 2019 11:13:00 PM ro.paneabogdan.homework.FestivalStatisticsThread run
INFO: 3 people have full tickets.
Feb 01, 2019 11:13:00 PM ro.paneabogdan.homework.FestivalStatisticsThread run
INFO: 2 people have full VIP passes.
Feb 01, 2019 11:13:00 PM ro.paneabogdan.homework.FestivalStatisticsThread run
INFO: 1 people have free passes.
Feb 01, 2019 11:13:00 PM ro.paneabogdan.homework.FestivalStatisticsThread run
INFO: 0 people have one-day passes.
Feb 01, 2019 11:13:00 PM ro.paneabogdan.homework.FestivalStatisticsThread run
INFO: 0 people have one-day VIP passes.
Feb 01, 2019 11:13:05 PM ro.paneabogdan.homework.FestivalStatisticsThread run
INFO: ------------- 11 people entered. -------------
Feb 01, 2019 11:13:05 PM ro.paneabogdan.homework.FestivalStatisticsThread run
INFO: 5 people have full tickets.
Feb 01, 2019 11:13:05 PM ro.paneabogdan.homework.FestivalStatisticsThread run
INFO: 4 people have full VIP passes.
Feb 01, 2019 11:13:05 PM ro.paneabogdan.homework.FestivalStatisticsThread run
INFO: 2 people have free passes.
Feb 01, 2019 11:13:05 PM ro.paneabogdan.homework.FestivalStatisticsThread run
INFO: 0 people have one-day passes.
Feb 01, 2019 11:13:05 PM ro.paneabogdan.homework.FestivalStatisticsThread run
INFO: 0 people have one-day VIP passes.
Feb 01, 2019 11:13:10 PM ro.paneabogdan.homework.FestivalStatisticsThread run
INFO: ------------- 15 people entered. -------------
Feb 01, 2019 11:13:10 PM ro.paneabogdan.homework.FestivalStatisticsThread run
INFO: 7 people have full tickets.
Feb 01, 2019 11:13:10 PM ro.paneabogdan.homework.FestivalStatisticsThread run
INFO: 5 people have full VIP passes.
Feb 01, 2019 11:13:10 PM ro.paneabogdan.homework.FestivalStatisticsThread run
INFO: 2 people have free passes.
Feb 01, 2019 11:13:10 PM ro.paneabogdan.homework.FestivalStatisticsThread run
INFO: 1 people have one-day passes.
Feb 01, 2019 11:13:10 PM ro.paneabogdan.homework.FestivalStatisticsThread run
INFO: 0 people have one-day VIP passes.
Feb 01, 2019 11:13:15 PM ro.paneabogdan.homework.FestivalStatisticsThread run
INFO: ------------- 21 people entered. -------------
Feb 01, 2019 11:13:15 PM ro.paneabogdan.homework.FestivalStatisticsThread run
INFO: 10 people have full tickets.
Feb 01, 2019 11:13:15 PM ro.paneabogdan.homework.FestivalStatisticsThread run
INFO: 7 people have full VIP passes.
Feb 01, 2019 11:13:15 PM ro.paneabogdan.homework.FestivalStatisticsThread run
INFO: 3 people have free passes.
Feb 01, 2019 11:13:15 PM ro.paneabogdan.homework.FestivalStatisticsThread run
INFO: 1 people have one-day passes.
Feb 01, 2019 11:13:15 PM ro.paneabogdan.homework.FestivalStatisticsThread run
INFO: 0 people have one-day VIP passes.
Feb 01, 2019 11:13:20 PM ro.paneabogdan.homework.FestivalStatisticsThread run
INFO: ------------- 27 people entered. -------------
Feb 01, 2019 11:13:20 PM ro.paneabogdan.homework.FestivalStatisticsThread run
INFO: 11 people have full tickets.
Feb 01, 2019 11:13:20 PM ro.paneabogdan.homework.FestivalStatisticsThread run
INFO: 8 people have full VIP passes.
Feb 01, 2019 11:13:20 PM ro.paneabogdan.homework.FestivalStatisticsThread run
INFO: 4 people have free passes.
Feb 01, 2019 11:13:20 PM ro.paneabogdan.homework.FestivalStatisticsThread run
INFO: 2 people have one-day passes.
Feb 01, 2019 11:13:20 PM ro.paneabogdan.homework.FestivalStatisticsThread run
INFO: 2 people have one-day VIP passes.
Feb 01, 2019 11:13:25 PM ro.paneabogdan.homework.FestivalStatisticsThread run
INFO: ------------- 35 people entered. -------------
Feb 01, 2019 11:13:25 PM ro.paneabogdan.homework.FestivalStatisticsThread run
INFO: 11 people have full tickets.
Feb 01, 2019 11:13:25 PM ro.paneabogdan.homework.FestivalStatisticsThread run
INFO: 11 people have full VIP passes.
Feb 01, 2019 11:13:25 PM ro.paneabogdan.homework.FestivalStatisticsThread run
INFO: 7 people have free passes.
Feb 01, 2019 11:13:25 PM ro.paneabogdan.homework.FestivalStatisticsThread run
INFO: 3 people have one-day passes.
Feb 01, 2019 11:13:25 PM ro.paneabogdan.homework.FestivalStatisticsThread run
INFO: 3 people have one-day VIP passes.
Feb 01, 2019 11:13:30 PM ro.paneabogdan.homework.FestivalStatisticsThread run
INFO: ------------- 43 people entered. -------------
Feb 01, 2019 11:13:30 PM ro.paneabogdan.homework.FestivalStatisticsThread run
INFO: 13 people have full tickets.
Feb 01, 2019 11:13:30 PM ro.paneabogdan.homework.FestivalStatisticsThread run
INFO: 13 people have full VIP passes.
Feb 01, 2019 11:13:30 PM ro.paneabogdan.homework.FestivalStatisticsThread run
INFO: 7 people have free passes.
Feb 01, 2019 11:13:30 PM ro.paneabogdan.homework.FestivalStatisticsThread run
INFO: 6 people have one-day passes.
Feb 01, 2019 11:13:30 PM ro.paneabogdan.homework.FestivalStatisticsThread run
INFO: 4 people have one-day VIP passes.
Feb 01, 2019 11:13:35 PM ro.paneabogdan.homework.FestivalStatisticsThread run
INFO: ------------- 52 people entered. -------------
Feb 01, 2019 11:13:35 PM ro.paneabogdan.homework.FestivalStatisticsThread run
INFO: 14 people have full tickets.
Feb 01, 2019 11:13:35 PM ro.paneabogdan.homework.FestivalStatisticsThread run
INFO: 13 people have full VIP passes.
Feb 01, 2019 11:13:35 PM ro.paneabogdan.homework.FestivalStatisticsThread run
INFO: 11 people have free passes.
Feb 01, 2019 11:13:35 PM ro.paneabogdan.homework.FestivalStatisticsThread run
INFO: 9 people have one-day passes.
Feb 01, 2019 11:13:35 PM ro.paneabogdan.homework.FestivalStatisticsThread run
INFO: 5 people have one-day VIP passes.
Feb 01, 2019 11:13:40 PM ro.paneabogdan.homework.FestivalStatisticsThread run
INFO: ------------- 56 people entered. -------------
Feb 01, 2019 11:13:40 PM ro.paneabogdan.homework.FestivalStatisticsThread run
INFO: 15 people have full tickets.
Feb 01, 2019 11:13:40 PM ro.paneabogdan.homework.FestivalStatisticsThread run
INFO: 14 people have full VIP passes.
Feb 01, 2019 11:13:40 PM ro.paneabogdan.homework.FestivalStatisticsThread run
INFO: 13 people have free passes.
Feb 01, 2019 11:13:40 PM ro.paneabogdan.homework.FestivalStatisticsThread run
INFO: 9 people have one-day passes.
Feb 01, 2019 11:13:40 PM ro.paneabogdan.homework.FestivalStatisticsThread run
INFO: 5 people have one-day VIP passes.
Feb 01, 2019 11:13:45 PM ro.paneabogdan.homework.FestivalStatisticsThread run
INFO: ------------- 61 people entered. -------------
Feb 01, 2019 11:13:45 PM ro.paneabogdan.homework.FestivalStatisticsThread run
INFO: 17 people have full tickets.
Feb 01, 2019 11:13:45 PM ro.paneabogdan.homework.FestivalStatisticsThread run
INFO: 15 people have full VIP passes.
Feb 01, 2019 11:13:45 PM ro.paneabogdan.homework.FestivalStatisticsThread run
INFO: 15 people have free passes.
Feb 01, 2019 11:13:45 PM ro.paneabogdan.homework.FestivalStatisticsThread run
INFO: 9 people have one-day passes.
Feb 01, 2019 11:13:45 PM ro.paneabogdan.homework.FestivalStatisticsThread run
INFO: 5 people have one-day VIP passes.
Feb 01, 2019 11:13:50 PM ro.paneabogdan.homework.FestivalStatisticsThread run
INFO: ------------- 69 people entered. -------------
Feb 01, 2019 11:13:50 PM ro.paneabogdan.homework.FestivalStatisticsThread run
INFO: 18 people have full tickets.
Feb 01, 2019 11:13:50 PM ro.paneabogdan.homework.FestivalStatisticsThread run
INFO: 17 people have full VIP passes.
Feb 01, 2019 11:13:50 PM ro.paneabogdan.homework.FestivalStatisticsThread run
INFO: 19 people have free passes.
Feb 01, 2019 11:13:50 PM ro.paneabogdan.homework.FestivalStatisticsThread run
INFO: 9 people have one-day passes.
Feb 01, 2019 11:13:50 PM ro.paneabogdan.homework.FestivalStatisticsThread run
INFO: 6 people have one-day VIP passes.
Feb 01, 2019 11:13:55 PM ro.paneabogdan.homework.FestivalStatisticsThread run
INFO: ------------- 74 people entered. -------------
Feb 01, 2019 11:13:55 PM ro.paneabogdan.homework.FestivalStatisticsThread run
INFO: 19 people have full tickets.
Feb 01, 2019 11:13:55 PM ro.paneabogdan.homework.FestivalStatisticsThread run
INFO: 19 people have full VIP passes.
Feb 01, 2019 11:13:55 PM ro.paneabogdan.homework.FestivalStatisticsThread run
INFO: 20 people have free passes.
Feb 01, 2019 11:13:55 PM ro.paneabogdan.homework.FestivalStatisticsThread run
INFO: 10 people have one-day passes.
Feb 01, 2019 11:13:55 PM ro.paneabogdan.homework.FestivalStatisticsThread run
INFO: 6 people have one-day VIP passes.
Feb 01, 2019 11:14:00 PM ro.paneabogdan.homework.FestivalStatisticsThread run
INFO: ------------- 81 people entered. -------------
Feb 01, 2019 11:14:00 PM ro.paneabogdan.homework.FestivalStatisticsThread run
INFO: 20 people have full tickets.
Feb 01, 2019 11:14:00 PM ro.paneabogdan.homework.FestivalStatisticsThread run
INFO: 19 people have full VIP passes.
Feb 01, 2019 11:14:00 PM ro.paneabogdan.homework.FestivalStatisticsThread run
INFO: 22 people have free passes.
Feb 01, 2019 11:14:00 PM ro.paneabogdan.homework.FestivalStatisticsThread run
INFO: 13 people have one-day passes.
Feb 01, 2019 11:14:00 PM ro.paneabogdan.homework.FestivalStatisticsThread run
INFO: 7 people have one-day VIP passes.
Feb 01, 2019 11:14:05 PM ro.paneabogdan.homework.FestivalStatisticsThread run
INFO: ------------- 89 people entered. -------------
Feb 01, 2019 11:14:05 PM ro.paneabogdan.homework.FestivalStatisticsThread run
INFO: 22 people have full tickets.
Feb 01, 2019 11:14:05 PM ro.paneabogdan.homework.FestivalStatisticsThread run
INFO: 24 people have full VIP passes.
Feb 01, 2019 11:14:05 PM ro.paneabogdan.homework.FestivalStatisticsThread run
INFO: 22 people have free passes.
Feb 01, 2019 11:14:05 PM ro.paneabogdan.homework.FestivalStatisticsThread run
INFO: 13 people have one-day passes.
Feb 01, 2019 11:14:05 PM ro.paneabogdan.homework.FestivalStatisticsThread run
INFO: 8 people have one-day VIP passes.
Feb 01, 2019 11:14:10 PM ro.paneabogdan.homework.FestivalStatisticsThread run
INFO: ------------- 95 people entered. -------------
Feb 01, 2019 11:14:10 PM ro.paneabogdan.homework.FestivalStatisticsThread run
INFO: 22 people have full tickets.
Feb 01, 2019 11:14:10 PM ro.paneabogdan.homework.FestivalStatisticsThread run
INFO: 26 people have full VIP passes.
Feb 01, 2019 11:14:10 PM ro.paneabogdan.homework.FestivalStatisticsThread run
INFO: 23 people have free passes.
Feb 01, 2019 11:14:10 PM ro.paneabogdan.homework.FestivalStatisticsThread run
INFO: 13 people have one-day passes.
Feb 01, 2019 11:14:10 PM ro.paneabogdan.homework.FestivalStatisticsThread run
INFO: 11 people have one-day VIP passes.
Feb 01, 2019 11:14:15 PM ro.paneabogdan.homework.FestivalStatisticsThread run
INFO: ------------- All 100 people entered. -------------
Feb 01, 2019 11:14:15 PM ro.paneabogdan.homework.FestivalStatisticsThread run
INFO: 23 people have full tickets.
Feb 01, 2019 11:14:15 PM ro.paneabogdan.homework.FestivalStatisticsThread run
INFO: 27 people have full VIP passes.
Feb 01, 2019 11:14:15 PM ro.paneabogdan.homework.FestivalStatisticsThread run
INFO: 23 people have free passes.
Feb 01, 2019 11:14:15 PM ro.paneabogdan.homework.FestivalStatisticsThread run
INFO: 14 people have one-day passes.
Feb 01, 2019 11:14:15 PM ro.paneabogdan.homework.FestivalStatisticsThread run
INFO: 13 people have one-day VIP passes.
